<?xml version="1.0" encoding="UTF-8"?>
<testng-results skipped="0" failed="0" ignored="0" total="1" passed="1">
  <reporter-output>
  </reporter-output>
  <suite name="Default suite" duration-ms="5359" started-at="2021-04-30T06:31:13 UTC" finished-at="2021-04-30T06:31:18 UTC">
    <groups>
    </groups>
    <test name="Default test" duration-ms="5359" started-at="2021-04-30T06:31:13 UTC" finished-at="2021-04-30T06:31:18 UTC">
      <class name="day1.testme">
        <test-method status="PASS" signature="beforeTest()[pri:0, instance:day1.testme@2bbf4b8b]" name="beforeTest" is-config="true" duration-ms="5312" started-at="2021-04-30T06:31:13 UTC" finished-at="2021-04-30T06:31:18 UTC">
          <reporter-output>
          </reporter-output>
        </test-method> <!-- beforeTest -->
        <test-method status="PASS" signature="f()[pri:0, instance:day1.testme@2bbf4b8b]" name="f" duration-ms="0" started-at="2021-04-30T06:31:18 UTC" finished-at="2021-04-30T06:31:18 UTC">
          <reporter-output>
          </reporter-output>
        </test-method> <!-- f -->
        <test-method status="PASS" signature="afterTest()[pri:0, instance:day1.testme@2bbf4b8b]" name="afterTest" is-config="true" duration-ms="0" started-at="2021-04-30T06:31:18 UTC" finished-at="2021-04-30T06:31:18 UTC">
          <reporter-output>
          </reporter-output>
        </test-method> <!-- afterTest -->
      </class> <!-- day1.testme -->
    </test> <!-- Default test -->
  </suite> <!-- Default suite -->
</testng-results>
